<?xml version="1.0" encoding="UTF-8"?>
<!-- Generated by org.testng.reporters.JUnitReportReporter -->
<testsuite hostname="DESKTOP-SN36904" failures="0" tests="1" name="seleniumAssignments.Module3Assignment" time="0.387" errors="0" timestamp="2025-01-19T11:39:13 IST" skipped="0">
  <testcase classname="seleniumAssignments.Module3Assignment" name="login" time="0.387"/>
  <system-out/>
</testsuite> <!-- seleniumAssignments.Module3Assignment -->
